15:13:41 **** Incremental Build of configuration Default for project balance_car ****
make all 
arm-linux-gnueabihf-g++ -g -Wall -std=c++11  -Dsoc_cv_av -IC:/intelFPGA_lite/18.0/embedded/ip/altera/hps/altera_hps/hwlib/include/soc_cv_av -IC:/intelFPGA_lite/18.0/embedded/ip/altera/hps/altera_hps/hwlib/include/ -I./lib/ -g -Wall -lpthread ./lib/MPU.cpp ./lib/IrRx.cpp ./lib/hps.cpp ./lib/Queue.cpp ./lib/kalman.cpp ./lib/fpga.cpp ./lib/i2c_opencores.cpp ./lib/car.cpp balance_car.cpp -o balance_car
./lib/MPU.cpp: In member function 'bool MPU::WriteReg(uint32_t, uint8_t, uint8_t)':
./lib/MPU.cpp:68:108: warning: format '%lx' expects argument of type 'long unsigned int', but argument 2 has type 'uint32_t {aka unsigned int}' [-Wformat=]
      printf("\t[MPU6500] DeviceAddress: %lx, RegIndex: %hhx, RegValue: %hhx\n", devAddr, RegIndex, RegValue);
                                                                                                            ^
./lib/MPU.cpp: In member function 'bool MPU::readBytes(uint32_t, uint8_t, uint16_t, uint8_t*)':
./lib/MPU.cpp:87:82: warning: format '%lx' expects argument of type 'long unsigned int', but argument 2 has type 'uint32_t {aka unsigned int}' [-Wformat=]
      printf("\t[MPU6500] DeviceAddress: %lx, RegIndex: %hhx\n", devAddr, RegIndex);
                                                                                  ^
In file included from ./lib/IrRx.cpp:8:0:
./lib/IrRx.h:41:2: warning: 'typedef' was ignored in this declaration [enabled by default]
  };
  ^
In file included from balance_car.cpp:59:0:
./lib/IrRx.h:41:2: warning: 'typedef' was ignored in this declaration [enabled by default]
  };
  ^
balance_car.cpp: In function 'int turn(float)':
balance_car.cpp:365:15: warning: variable 'Position_derivative_out' set but not used [-Wunused-but-set-variable]
  static float Position_derivative_out;
               ^
balance_car.cpp: In function 'void* IrRx_thread(void*)':
balance_car.cpp:477:1: warning: no return statement in function returning non-void [-Wreturn-type]
 }
 ^
balance_car.cpp: In function 'void alarm_handle(int)':
balance_car.cpp:640:8: warning: variable 'LQR_out' set but not used [-Wunused-but-set-variable]
  float LQR_out;
        ^

15:13:44 Build Finished (took 2s.376ms)

